cpu file: /tmp/tmp.rnUmDvUQ0K
mem file: /tmp/tmp.pEpaEh0RFm
bandwidth file: /tmp/tmp.m59KYjXMMa
sock file: /tmp/tmp.UgUAbMCvdT
vus file: /tmp/tmp.XqI34noQph
rps file: /tmp/tmp.d6Dut5op38
error log: /tmp/tmp.9HSRjI0wpR
benchmarking http://192.168.1.2 endpoint (192.168.1.2) with tool k6
benchmark url: http://192.168.1.2<
error log: /tmp/tmp.9HSRjI0wpR
using device enp6s0f0 with max bandwidth 1280000 KB/s
pid is 40427
Collecting metrics for process 40427
Collecting metrics for process 40427
Collecting metrics for process 40427
Collecting metrics for process 40427
Collecting metrics for process 40427
Collecting metrics for process 40427
Collecting metrics for process 40427
Collecting metrics for process 40427
Collecting metrics for process 40427
Collecting metrics for process 40427
Collecting metrics for process 40427
Collecting metrics for process 40427
Collecting metrics for process 40427
Collecting metrics for process 40427
Collecting metrics for process 40427
Collecting metrics for process 40427
Collecting metrics for process 40427
Collecting metrics for process 40427
Collecting metrics for process 40427
Collecting metrics for process 40427
Collecting metrics for process 40427
Collecting metrics for process 40427
Collecting metrics for process 40427
Collecting metrics for process 40427
Collecting metrics for process 40427
Collecting metrics for process 40427
Collecting metrics for process 40427
Collecting metrics for process 40427
Collecting metrics for process 40427
Collecting metrics for process 40427
Collecting metrics for process 40427
Collecting metrics for process 40427
Collecting metrics for process 40427
Collecting metrics for process 40427
Collecting metrics for process 40427
Collecting metrics for process 40427
Collecting metrics for process 40427
Collecting metrics for process 40427
Collecting metrics for process 40427
Collecting metrics for process 40427
Collecting metrics for process 40427
Collecting metrics for process 40427
Collecting metrics for process 40427
Collecting metrics for process 40427
Collecting metrics for process 40427
Collecting metrics for process 40427
Collecting metrics for process 40427
Collecting metrics for process 40427
Collecting metrics for process 40427
Collecting metrics for process 40427
Collecting metrics for process 40427
Process 40427 has terminated. Exiting loop.
Cleaning up...
Sending benchmarking end signal to the server.
